\BOOKMARK [1][-]{section.1}{Einleitung}{}% 1
\BOOKMARK [1][-]{section.2}{Ausgangssituation}{}% 2
\BOOKMARK [1][-]{section.3}{Sollkonzept}{}% 3
\BOOKMARK [2][-]{subsection.3.1}{Anwendungsbereich}{section.3}% 4
\BOOKMARK [2][-]{subsection.3.2}{Systemidee}{section.3}% 5
\BOOKMARK [2][-]{subsection.3.3}{Ziele}{section.3}% 6
\BOOKMARK [2][-]{subsection.3.4}{Zielgruppen}{section.3}% 7
\BOOKMARK [1][-]{section.4}{Projektgegenstand}{}% 8
\BOOKMARK [2][-]{subsection.4.1}{Problemdom\344ne}{section.4}% 9
\BOOKMARK [2][-]{subsection.4.2}{Prozesse}{section.4}% 10
\BOOKMARK [2][-]{subsection.4.3}{Produktumgebung}{section.4}% 11
\BOOKMARK [2][-]{subsection.4.4}{Schnittstellen}{section.4}% 12
\BOOKMARK [2][-]{subsection.4.5}{Benutzerschnittstelle}{section.4}% 13
\BOOKMARK [1][-]{section.5}{Projektbedingungen}{}% 14
\BOOKMARK [2][-]{subsection.5.1}{Zeitlicher Rahmen}{section.5}% 15
\BOOKMARK [2][-]{subsection.5.2}{Auftragswert}{section.5}% 16
\BOOKMARK [2][-]{subsection.5.3}{Angebotserstellung}{section.5}% 17
\BOOKMARK [1][-]{section.6}{Anforderungen}{}% 18
\BOOKMARK [2][-]{subsection.6.1}{Funktionale Anforderungen}{section.6}% 19
\BOOKMARK [2][-]{subsection.6.2}{Nicht-funktionale Anforderungen}{section.6}% 20
\BOOKMARK [1][-]{section.7}{Lieferumfang}{}% 21
\BOOKMARK [2][-]{subsection.7.1}{Auslieferung der Software}{section.7}% 22
\BOOKMARK [2][-]{subsection.7.2}{Wiederverwendbarkeit}{section.7}% 23
\BOOKMARK [2][-]{subsection.7.3}{Testung}{section.7}% 24
\BOOKMARK [2][-]{subsection.7.4}{Inbetriebnahme}{section.7}% 25
\BOOKMARK [2][-]{subsection.7.5}{Abnahme}{section.7}% 26
\BOOKMARK [2][-]{subsection.7.6}{Schulung}{section.7}% 27
\BOOKMARK [2][-]{subsection.7.7}{Support}{section.7}% 28
\BOOKMARK [2][-]{subsection.7.8}{Dokumentation}{section.7}% 29
\BOOKMARK [1][-]{section*.2}{Glossar}{}% 30
