<<<<<<< HEAD
\BOOKMARK [1][-]{section.1}{Vorabsch\344tzung}{}% 1
\BOOKMARK [1][-]{section.2}{Protokollierung}{}% 2
\BOOKMARK [2][-]{subsection.2.1}{Kickoff Meeting}{section.2}% 3
\BOOKMARK [2][-]{subsection.2.2}{Grobplanung}{section.2}% 4
\BOOKMARK [2][-]{subsection.2.3}{Feinplanung}{section.2}% 5
\BOOKMARK [2][-]{subsection.2.4}{Fertigstellung Planung}{section.2}% 6
\BOOKMARK [2][-]{subsection.2.5}{Aufsetzen des Repository}{section.2}% 7
\BOOKMARK [2][-]{subsection.2.6}{Implementierungsbesprechung}{section.2}% 8
\BOOKMARK [2][-]{subsection.2.7}{Weiterf\374hrende Implementierungsgespr\344che}{section.2}% 9
\BOOKMARK [2][-]{subsection.2.8}{Bearbeitung Grundlegender offener Aufgaben}{section.2}% 10
\BOOKMARK [2][-]{subsection.2.9}{Arbeit an Dokumentation}{section.2}% 11
\BOOKMARK [2][-]{subsection.2.10}{Vervollst\344ndigung Dokumentation, Buildtool}{section.2}% 12
\BOOKMARK [2][-]{subsection.2.11}{Vervollst\344ndigung Dokumentation, Buildtool}{section.2}% 13
=======
\BOOKMARK [1][-]{section.1}{Vorabsch\344tzung}{}% 1
\BOOKMARK [1][-]{section.2}{Protokollierung}{}% 2
\BOOKMARK [2][-]{subsection.2.1}{Kickoff Meeting}{section.2}% 3
\BOOKMARK [2][-]{subsection.2.2}{Grobplanung}{section.2}% 4
\BOOKMARK [2][-]{subsection.2.3}{Feinplanung}{section.2}% 5
\BOOKMARK [2][-]{subsection.2.4}{Fertigstellung Planung}{section.2}% 6
\BOOKMARK [2][-]{subsection.2.5}{Aufsetzen des Repository}{section.2}% 7
\BOOKMARK [2][-]{subsection.2.6}{Implementierungsbesprechung}{section.2}% 8
\BOOKMARK [2][-]{subsection.2.7}{Weiterf\374hrende Implementierungsgespr\344che}{section.2}% 9
\BOOKMARK [2][-]{subsection.2.8}{Bearbeitung Grundlegender offener Aufgaben}{section.2}% 10
\BOOKMARK [2][-]{subsection.2.9}{Arbeit an Dokumentation}{section.2}% 11
\BOOKMARK [2][-]{subsection.2.10}{Vervollst\344ndigung Dokumentation, Buildtool}{section.2}% 12
\BOOKMARK [2][-]{subsection.2.11}{Vervollst\344ndigung Dokumentation, Buildtool}{section.2}% 13
\BOOKMARK [2][-]{subsection.2.12}{Treff nach Erweiterung: 'About-Button'}{section.2}% 14
\BOOKMARK [2][-]{subsection.2.13}{Treff nach Erweiterung: 'About-Button'}{section.2}% 15
>>>>>>> doc
