This is pdfTeX, Version 3.14159265-2.6-1.40.20 (MiKTeX 2.9.7000 64-bit) (preloaded format=pdflatex 2019.4.29)  19 JUN 2019 11:20
entering extended mode
**./bericht.tex
(bericht.tex
LaTeX2e <2018-12-01>

! LaTeX Error: Missing \begin{document}.

See the LaTeX manual or LaTeX Companion for explanation.
Type  H <return>  for immediate help.
 ...                                              
                                                  
l.1 <
     <<<<<< HEAD
You're in trouble here.  Try typing  <return>  to proceed.
If that doesn't work, type  X <return>  to quit.

Missing character: There is no < in font nullfont!
Missing character: There is no < in font nullfont!
Missing character: There is no < in font nullfont!
Missing character: There is no < in font nullfont!
Missing character: There is no < in font nullfont!
Missing character: There is no < in font nullfont!
Missing character: There is no < in font nullfont!
Missing character: There is no H in font nullfont!
Missing character: There is no E in font nullfont!
Missing character: There is no A in font nullfont!
Missing character: There is no D in font nullfont!

("C:\Users\MLpLappi\AppData\Local\Programs\MiKTeX 2.9\tex/latex/base\article.cl
s"
Document Class: article 2018/09/03 v1.4i Standard LaTeX document class
("C:\Users\MLpLappi\AppData\Local\Programs\MiKTeX 2.9\tex/latex/base\size12.clo
"
File: size12.clo 2018/09/03 v1.4i Standard LaTeX file (size option)
)
\c@part=\count80
\c@section=\count81
\c@subsection=\count82
\c@subsubsection=\count83
\c@paragraph=\count84
\c@subparagraph=\count85

Overfull \hbox (20.0pt too wide) in paragraph at lines 1--274
[]
 []

\c@figure=\count86
\c@table=\count87
\abovecaptionskip=\skip41
\belowcaptionskip=\skip42
\bibindent=\dimen102
[1{C:/Users/MLpLappi/AppData/Local/MiKTeX/2.9/pdftex/config/pdftex.map}])
("C:\Users\MLpLappi\AppData\Local\Programs\MiKTeX 2.9\tex/latex/geometry\geomet
ry.sty"
Package: geometry 2018/04/16 v5.8 Page Geometry

("C:\Users\MLpLappi\AppData\Local\Programs\MiKTeX 2.9\tex/latex/graphics\keyval
.sty"
Package: keyval 2014/10/28 v1.15 key=value parser (DPC)
\KV@toks@=\toks14
)
("C:\Users\MLpLappi\AppData\Local\Programs\MiKTeX 2.9\tex/generic/oberdiek\ifpd
f.sty"
Package: ifpdf 2018/09/07 v3.3 Provides the ifpdf switch
)
("C:\Users\MLpLappi\AppData\Local\Programs\MiKTeX 2.9\tex/generic/oberdiek\ifvt
ex.sty"
Package: ifvtex 2016/05/16 v1.6 Detect VTeX and its facilities (HO)
Package ifvtex Info: VTeX not detected.
)
("C:\Users\MLpLappi\AppData\Local\Programs\MiKTeX 2.9\tex/generic/ifxetex\ifxet
ex.sty"
Package: ifxetex 2010/09/12 v0.6 Provides ifxetex conditional
)
\Gm@cnth=\count88
\Gm@cntv=\count89
\c@Gm@tempcnt=\count90
\Gm@bindingoffset=\dimen103
\Gm@wd@mp=\dimen104
\Gm@odd@mp=\dimen105
\Gm@even@mp=\dimen106
\Gm@layoutwidth=\dimen107
\Gm@layoutheight=\dimen108
\Gm@layouthoffset=\dimen109
\Gm@layoutvoffset=\dimen110
\Gm@dimlist=\toks15

("C:\Users\MLpLappi\AppData\Local\Programs\MiKTeX 2.9\tex/latex/geometry\geomet
ry.cfg"))
("C:\Users\MLpLappi\AppData\Local\Programs\MiKTeX 2.9\tex/latex/base\inputenc.s
ty"
Package: inputenc 2018/08/11 v1.3c Input encoding file
\inpenc@prehook=\toks16
\inpenc@posthook=\toks17
)
("C:\Users\MLpLappi\AppData\Local\Programs\MiKTeX 2.9\tex/generic/babel\babel.s
ty"
Package: babel 2019/04/22 3.30 The Babel package

("C:\Users\MLpLappi\AppData\Local\Programs\MiKTeX 2.9\tex/generic/babel\switch.
def"
File: switch.def 2019/04/22 3.30 Babel switching mechanism
)
*************************************
* Local config file bblopts.cfg used
*

("C:\Users\MLpLappi\AppData\Local\Programs\MiKTeX 2.9\tex/latex/arabi\bblopts.c
fg"
File: bblopts.cfg 2005/09/08 v0.1 add Arabic and Farsi to "declared" options of
 babel
)
("C:\Users\MLpLappi\AppData\Local\Programs\MiKTeX 2.9\tex/latex/babel-german\ge
rman.ldf"
Language: german 2018/12/08 v2.11 German support for babel (pre-1996 orthograph
y)

("C:\Users\MLpLappi\AppData\Local\Programs\MiKTeX 2.9\tex/latex/babel-german\ge
rmanb.ldf"
Language: germanb 2018/12/08 v2.11 German support for babel (pre-1996 orthograp
hy)

("C:\Users\MLpLappi\AppData\Local\Programs\MiKTeX 2.9\tex/generic/babel\babel.d
ef"
File: babel.def 2019/04/22 3.30 Babel common definitions
\babel@savecnt=\count91
\U@D=\dimen111

("C:\Users\MLpLappi\AppData\Local\Programs\MiKTeX 2.9\tex/generic/babel\txtbabe
l.def")
\bbl@dirlevel=\count92
)
Package babel Info: Making " an active character on input line 135.
)))
("C:\Users\MLpLappi\AppData\Local\Programs\MiKTeX 2.9\tex/latex/base\fontenc.st
y"
Package: fontenc 2018/08/11 v2.0j Standard LaTeX package

("C:\Users\MLpLappi\AppData\Local\Programs\MiKTeX 2.9\tex/latex/base\t1enc.def"
File: t1enc.def 2018/08/11 v2.0j Standard LaTeX file
LaTeX Font Info:    Redeclaring font encoding T1 on input line 48.
))
("C:\Users\MLpLappi\AppData\Local\Programs\MiKTeX 2.9\tex/latex/hyperref\hyperr
ef.sty"
Package: hyperref 2018/11/30 v6.88e Hypertext links for LaTeX

("C:\Users\MLpLappi\AppData\Local\Programs\MiKTeX 2.9\tex/generic/oberdiek\hobs
ub-hyperref.sty"
Package: hobsub-hyperref 2016/05/16 v1.14 Bundle oberdiek, subset hyperref (HO)


("C:\Users\MLpLappi\AppData\Local\Programs\MiKTeX 2.9\tex/generic/oberdiek\hobs
ub-generic.sty"
Package: hobsub-generic 2016/05/16 v1.14 Bundle oberdiek, subset generic (HO)
Package: hobsub 2016/05/16 v1.14 Construct package bundles (HO)
Package: infwarerr 2016/05/16 v1.4 Providing info/warning/error messages (HO)
Package: ltxcmds 2016/05/16 v1.23 LaTeX kernel commands for general use (HO)
Package: ifluatex 2016/05/16 v1.4 Provides the ifluatex switch (HO)
Package ifluatex Info: LuaTeX not detected.
Package hobsub Info: Skipping package `ifvtex' (already loaded).
Package: intcalc 2016/05/16 v1.2 Expandable calculations with integers (HO)
Package hobsub Info: Skipping package `ifpdf' (already loaded).
Package: etexcmds 2016/05/16 v1.6 Avoid name clashes with e-TeX commands (HO)
Package: kvsetkeys 2016/05/16 v1.17 Key value parser (HO)
Package: kvdefinekeys 2016/05/16 v1.4 Define keys (HO)
Package: pdftexcmds 2018/09/10 v0.29 Utility functions of pdfTeX for LuaTeX (HO
)
Package pdftexcmds Info: LuaTeX not detected.
Package pdftexcmds Info: \pdf@primitive is available.
Package pdftexcmds Info: \pdf@ifprimitive is available.
Package pdftexcmds Info: \pdfdraftmode found.
Package: pdfescape 2016/05/16 v1.14 Implements pdfTeX's escape features (HO)
Package: bigintcalc 2016/05/16 v1.4 Expandable calculations on big integers (HO
)
Package: bitset 2016/05/16 v1.2 Handle bit-vector datatype (HO)
Package: uniquecounter 2016/05/16 v1.3 Provide unlimited unique counter (HO)
)
Package hobsub Info: Skipping package `hobsub' (already loaded).
Package: letltxmacro 2016/05/16 v1.5 Let assignment for LaTeX macros (HO)
Package: hopatch 2016/05/16 v1.3 Wrapper for package hooks (HO)
Package: xcolor-patch 2016/05/16 xcolor patch
Package: atveryend 2016/05/16 v1.9 Hooks at the very end of document (HO)
Package atveryend Info: \enddocument detected (standard20110627).
Package: atbegshi 2016/06/09 v1.18 At begin shipout hook (HO)
Package: refcount 2016/05/16 v3.5 Data extraction from label references (HO)
Package: hycolor 2016/05/16 v1.8 Color options for hyperref/bookmark (HO)
)
("C:\Users\MLpLappi\AppData\Local\Programs\MiKTeX 2.9\tex/latex/oberdiek\auxhoo
k.sty"
Package: auxhook 2016/05/16 v1.4 Hooks for auxiliary files (HO)
)
("C:\Users\MLpLappi\AppData\Local\Programs\MiKTeX 2.9\tex/latex/oberdiek\kvopti
ons.sty"
Package: kvoptions 2016/05/16 v3.12 Key value format for package options (HO)
)
\@linkdim=\dimen112
\Hy@linkcounter=\count93
\Hy@pagecounter=\count94

("C:\Users\MLpLappi\AppData\Local\Programs\MiKTeX 2.9\tex/latex/hyperref\pd1enc
.def"
File: pd1enc.def 2018/11/30 v6.88e Hyperref: PDFDocEncoding definition (HO)
Now handling font encoding PD1 ...
... no UTF-8 mapping file for font encoding PD1
)
\Hy@SavedSpaceFactor=\count95

("C:\Users\MLpLappi\AppData\Local\Programs\MiKTeX 2.9\tex/latex/00miktex\hyperr
ef.cfg"
File: hyperref.cfg 2002/06/06 v1.2 hyperref configuration of TeXLive
)
Package hyperref Info: Hyper figures OFF on input line 4519.
Package hyperref Info: Link nesting OFF on input line 4524.
Package hyperref Info: Hyper index ON on input line 4527.
Package hyperref Info: Plain pages OFF on input line 4534.
Package hyperref Info: Backreferencing OFF on input line 4539.
Package hyperref Info: Implicit mode ON; LaTeX internals redefined.
Package hyperref Info: Bookmarks ON on input line 4772.
\c@Hy@tempcnt=\count96

("C:\Users\MLpLappi\AppData\Local\Programs\MiKTeX 2.9\tex/latex/url\url.sty"
\Urlmuskip=\muskip10
Package: url 2013/09/16  ver 3.4  Verb mode for urls, etc.
)
LaTeX Info: Redefining \url on input line 5125.
\XeTeXLinkMargin=\dimen113
\Fld@menulength=\count97
\Field@Width=\dimen114
\Fld@charsize=\dimen115
Package hyperref Info: Hyper figures OFF on input line 6380.
Package hyperref Info: Link nesting OFF on input line 6385.
Package hyperref Info: Hyper index ON on input line 6388.
Package hyperref Info: backreferencing OFF on input line 6395.
Package hyperref Info: Link coloring OFF on input line 6400.
Package hyperref Info: Link coloring with OCG OFF on input line 6405.
Package hyperref Info: PDF/A mode OFF on input line 6410.
LaTeX Info: Redefining \ref on input line 6450.
LaTeX Info: Redefining \pageref on input line 6454.
\Hy@abspage=\count98
\c@Item=\count99
\c@Hfootnote=\count100
)
Package hyperref Info: Driver (autodetected): hpdftex.

("C:\Users\MLpLappi\AppData\Local\Programs\MiKTeX 2.9\tex/latex/hyperref\hpdfte
x.def"
File: hpdftex.def 2018/11/30 v6.88e Hyperref driver for pdfTeX
\Fld@listcount=\count101
\c@bookmark@seq@number=\count102

("C:\Users\MLpLappi\AppData\Local\Programs\MiKTeX 2.9\tex/latex/oberdiek\rerunf
ilecheck.sty"
Package: rerunfilecheck 2016/05/16 v1.8 Rerun checks for auxiliary files (HO)
Package uniquecounter Info: New unique counter `rerunfilecheck' on input line 2
82.
)
\Hy@SectionHShift=\skip43
)
("C:\Users\MLpLappi\AppData\Local\Programs\MiKTeX 2.9\tex/latex/listings\listin
gs.sty"
\lst@mode=\count103
\lst@gtempboxa=\box27
\lst@token=\toks18
\lst@length=\count104
\lst@currlwidth=\dimen116
\lst@column=\count105
\lst@pos=\count106
\lst@lostspace=\dimen117
\lst@width=\dimen118
\lst@newlines=\count107
\lst@lineno=\count108
\lst@maxwidth=\dimen119

("C:\Users\MLpLappi\AppData\Local\Programs\MiKTeX 2.9\tex/latex/listings\lstmis
c.sty"
File: lstmisc.sty 2019/02/27 1.8b (Carsten Heinz)
\c@lstnumber=\count109
\lst@skipnumbers=\count110
\lst@framebox=\box28
)
("C:\Users\MLpLappi\AppData\Local\Programs\MiKTeX 2.9\tex/latex/listings\listin
gs.cfg"
File: listings.cfg 2019/02/27 1.8b listings configuration
))
Package: listings 2019/02/27 1.8b (Carsten Heinz)

("C:\Users\MLpLappi\AppData\Local\Programs\MiKTeX 2.9\tex/latex/graphics\graphi
cx.sty"
Package: graphicx 2017/06/01 v1.1a Enhanced LaTeX Graphics (DPC,SPQR)

("C:\Users\MLpLappi\AppData\Local\Programs\MiKTeX 2.9\tex/latex/graphics\graphi
cs.sty"
Package: graphics 2017/06/25 v1.2c Standard LaTeX Graphics (DPC,SPQR)

("C:\Users\MLpLappi\AppData\Local\Programs\MiKTeX 2.9\tex/latex/graphics\trig.s
ty"
Package: trig 2016/01/03 v1.10 sin cos tan (DPC)
)
("C:\Users\MLpLappi\AppData\Local\Programs\MiKTeX 2.9\tex/latex/graphics-cfg\gr
aphics.cfg"
File: graphics.cfg 2016/06/04 v1.11 sample graphics configuration
)
Package graphics Info: Driver file: pdftex.def on input line 99.

("C:\Users\MLpLappi\AppData\Local\Programs\MiKTeX 2.9\tex/latex/graphics-def\pd
ftex.def"
File: pdftex.def 2018/01/08 v1.0l Graphics/color driver for pdftex
))
\Gin@req@height=\dimen120
\Gin@req@width=\dimen121
)
("C:\Users\MLpLappi\AppData\Local\Programs\MiKTeX 2.9\tex/latex/graphics\color.
sty"
Package: color 2016/07/10 v1.1e Standard LaTeX Color (DPC)

("C:\Users\MLpLappi\AppData\Local\Programs\MiKTeX 2.9\tex/latex/graphics-cfg\co
lor.cfg"
File: color.cfg 2016/01/02 v1.6 sample color configuration
)
Package color Info: Driver file: pdftex.def on input line 147.
)
("C:\Users\MLpLappi\AppData\Local\Programs\MiKTeX 2.9\tex/latex/glossaries/base
\glossaries.sty"
Package: glossaries 2019/01/06 v4.42 (NLCT)

("C:\Users\MLpLappi\AppData\Local\Programs\MiKTeX 2.9\tex/latex/base\ifthen.sty
"
Package: ifthen 2014/09/29 v1.1c Standard LaTeX ifthen package (DPC)
)
("C:\Users\MLpLappi\AppData\Local\Programs\MiKTeX 2.9\tex/latex/xkeyval\xkeyval
.sty"
Package: xkeyval 2014/12/03 v2.7a package option processing (HA)

("C:\Users\MLpLappi\AppData\Local\Programs\MiKTeX 2.9\tex/generic/xkeyval\xkeyv
al.tex"
("C:\Users\MLpLappi\AppData\Local\Programs\MiKTeX 2.9\tex/generic/xkeyval\xkvut
ils.tex"
\XKV@toks=\toks19
\XKV@tempa@toks=\toks20
)
\XKV@depth=\count111
File: xkeyval.tex 2014/12/03 v2.7a key=value parser (HA)
))
("C:\Users\MLpLappi\AppData\Local\Programs\MiKTeX 2.9\tex/latex/mfirstuc\mfirst
uc.sty"
Package: mfirstuc 2017/11/14 v2.06 (NLCT)

("C:\Users\MLpLappi\AppData\Local\Programs\MiKTeX 2.9\tex/latex/etoolbox\etoolb
ox.sty"
Package: etoolbox 2018/08/19 v2.5f e-TeX tools for LaTeX (JAW)
\etb@tempcnta=\count112
)
\@glsmfirst=\toks21
\@glsmrest=\toks22
)
("C:\Users\MLpLappi\AppData\Local\Programs\MiKTeX 2.9\tex/latex/textcase\textca
se.sty"
Package: textcase 2004/10/07 v0.07 Text only upper/lower case changing (DPC)
)
("C:\Users\MLpLappi\AppData\Local\Programs\MiKTeX 2.9\tex/latex/xfor\xfor.sty"
Package: xfor 2009/02/05 v1.05 (NLCT)
)
("C:\Users\MLpLappi\AppData\Local\Programs\MiKTeX 2.9\tex/latex/datatool\datato
ol-base.sty"
Package: datatool-base 2018/12/07 v2.31 (NLCT)

("C:\Users\MLpLappi\AppData\Local\Programs\MiKTeX 2.9\tex/latex/amsmath\amsmath
.sty"
Package: amsmath 2018/12/01 v2.17b AMS math features
\@mathmargin=\skip44

For additional information on amsmath, use the `?' option.

("C:\Users\MLpLappi\AppData\Local\Programs\MiKTeX 2.9\tex/latex/amsmath\amstext
.sty"
Package: amstext 2000/06/29 v2.01 AMS text

("C:\Users\MLpLappi\AppData\Local\Programs\MiKTeX 2.9\tex/latex/amsmath\amsgen.
sty"
File: amsgen.sty 1999/11/30 v2.0 generic functions
\@emptytoks=\toks23
\ex@=\dimen122
))
("C:\Users\MLpLappi\AppData\Local\Programs\MiKTeX 2.9\tex/latex/amsmath\amsbsy.
sty"
Package: amsbsy 1999/11/29 v1.2d Bold Symbols
\pmbraise@=\dimen123
)
("C:\Users\MLpLappi\AppData\Local\Programs\MiKTeX 2.9\tex/latex/amsmath\amsopn.
sty"
Package: amsopn 2016/03/08 v2.02 operator names
)
\inf@bad=\count113
LaTeX Info: Redefining \frac on input line 223.
\uproot@=\count114
\leftroot@=\count115
LaTeX Info: Redefining \overline on input line 385.
\classnum@=\count116
\DOTSCASE@=\count117
LaTeX Info: Redefining \ldots on input line 482.
LaTeX Info: Redefining \dots on input line 485.
LaTeX Info: Redefining \cdots on input line 606.
\Mathstrutbox@=\box29
\strutbox@=\box30
\big@size=\dimen124
LaTeX Font Info:    Redeclaring font encoding OML on input line 729.
LaTeX Font Info:    Redeclaring font encoding OMS on input line 730.
\macc@depth=\count118
\c@MaxMatrixCols=\count119
\dotsspace@=\muskip11
\c@parentequation=\count120
\dspbrk@lvl=\count121
\tag@help=\toks24
\row@=\count122
\column@=\count123
\maxfields@=\count124
\andhelp@=\toks25
\eqnshift@=\dimen125
\alignsep@=\dimen126
\tagshift@=\dimen127
\tagwidth@=\dimen128
\totwidth@=\dimen129
\lineht@=\dimen130
\@envbody=\toks26
\multlinegap=\skip45
\multlinetaggap=\skip46
\mathdisplay@stack=\toks27
LaTeX Info: Redefining \[ on input line 2844.
LaTeX Info: Redefining \] on input line 2845.
)
("C:\Users\MLpLappi\AppData\Local\Programs\MiKTeX 2.9\tex/latex/substr\substr.s
ty"
Package: substr 2009/10/20 v1.2 Handle substrings
\c@su@anzahl=\count125
)
("C:\Users\MLpLappi\AppData\Local\Programs\MiKTeX 2.9\tex/latex/datatool\datato
ol-fp.sty"
Package: datatool-fp 2018/12/07 v2.31 (NLCT)

("C:\Users\MLpLappi\AppData\Local\Programs\MiKTeX 2.9\tex/latex/fp\fp.sty"
Package: fp 1995/04/02

`Fixed Point Package', Version 0.8, April 2, 1995 (C) Michael Mehlich
("C:\Users\MLpLappi\AppData\Local\Programs\MiKTeX 2.9\tex/latex/fp\defpattern.s
ty"
Package: defpattern 1994/10/12
\actioncount=\count126
)
("C:\Users\MLpLappi\AppData\Local\Programs\MiKTeX 2.9\tex/latex/fp\fp-basic.sty
"
Package: fp-basic 1996/05/13
\FP@xs=\count127
\FP@xia=\count128
\FP@xib=\count129
\FP@xfa=\count130
\FP@xfb=\count131
\FP@rega=\count132
\FP@regb=\count133
\FP@regs=\count134
\FP@times=\count135
)
("C:\Users\MLpLappi\AppData\Local\Programs\MiKTeX 2.9\tex/latex/fp\fp-addons.st
y"
Package: fp-addons 1995/03/15
)
("C:\Users\MLpLappi\AppData\Local\Programs\MiKTeX 2.9\tex/latex/fp\fp-snap.sty"
Package: fp-snap 1995/04/05
) ("C:\Users\MLpLappi\AppData\Local\Programs\MiKTeX 2.9\tex/latex/fp\fp-exp.sty
"
Package: fp-exp 1995/04/03
)
("C:\Users\MLpLappi\AppData\Local\Programs\MiKTeX 2.9\tex/latex/fp\fp-trigo.sty
"
Package: fp-trigo 1995/04/14
) ("C:\Users\MLpLappi\AppData\Local\Programs\MiKTeX 2.9\tex/latex/fp\fp-pas.sty
"
Package: fp-pas 1994/08/29
)
("C:\Users\MLpLappi\AppData\Local\Programs\MiKTeX 2.9\tex/latex/fp\fp-random.st
y"
Package: fp-random 1995/02/23
\FPseed=\count136
)
("C:\Users\MLpLappi\AppData\Local\Programs\MiKTeX 2.9\tex/latex/fp\fp-eqn.sty"
Package: fp-eqn 1995/04/03
) ("C:\Users\MLpLappi\AppData\Local\Programs\MiKTeX 2.9\tex/latex/fp\fp-upn.sty
"
Package: fp-upn 1996/10/21
) ("C:\Users\MLpLappi\AppData\Local\Programs\MiKTeX 2.9\tex/latex/fp\fp-eval.st
y"
Package: fp-eval 1995/04/03
)))
\@dtl@toks=\toks28
\@dtl@tmpcount=\count137
\dtl@tmplength=\skip47
\dtl@sortresult=\count138
\@dtl@numgrpsepcount=\count139
\@dtl@datatype=\count140
\dtl@codeA=\count141
\dtl@codeB=\count142
\@dtl@foreach@level=\count143
)
("C:\Users\MLpLappi\AppData\Local\Programs\MiKTeX 2.9\tex/latex/glossaries/base
\glossaries-compatible-307.sty"
Package: glossaries-compatible-307 2019/01/06 v4.42 (NLCT)
)
("C:\Users\MLpLappi\AppData\Local\Programs\MiKTeX 2.9\tex/latex/tracklang\track
lang.sty"
Package: tracklang 2018/05/13 v1.3.6 (NLCT) Track Languages

("C:\Users\MLpLappi\AppData\Local\Programs\MiKTeX 2.9\tex/generic/tracklang\tra
cklang.tex"))
("C:\Users\MLpLappi\AppData\Local\Programs\MiKTeX 2.9\tex/latex/translator\tran
slator.sty"
Package: translator 2018/01/04 v1.12 Easy translation of strings in LaTeX
)
("C:\Users\MLpLappi\AppData\Local\Programs\MiKTeX 2.9\tex/latex/glossaries-germ
an\glossaries-german.ldf"
File: glossaries-german.ldf 2014/11/23 v1.0
)
\gls@level=\count144
\@gls@tmpb=\toks29
\gls@tmplen=\skip48
\glskeylisttok=\toks30
\glslabeltok=\toks31
\glsshorttok=\toks32
\glslongtok=\toks33

("C:\Users\MLpLappi\AppData\Local\Programs\MiKTeX 2.9\tex/latex/glossaries/styl
es\glossary-hypernav.sty"
Package: glossary-hypernav 2019/01/06 v4.42 (NLCT)
)
("C:\Users\MLpLappi\AppData\Local\Programs\MiKTeX 2.9\tex/latex/glossaries/styl
es\glossary-list.sty"
Package: glossary-list 2019/01/06 v4.42 (NLCT)
\glslistdottedwidth=\skip49
)
("C:\Users\MLpLappi\AppData\Local\Programs\MiKTeX 2.9\tex/latex/glossaries/styl
es\glossary-long.sty"
Package: glossary-long 2019/01/06 v4.42 (NLCT)

("C:\Users\MLpLappi\AppData\Local\Programs\MiKTeX 2.9\tex/latex/tools\longtable
.sty"
Package: longtable 2014/10/28 v4.11 Multi-page Table package (DPC)+ FMi change
\LTleft=\skip50
\LTright=\skip51
\LTpre=\skip52
\LTpost=\skip53
\LTchunksize=\count145
\LTcapwidth=\dimen131
\LT@head=\box31
\LT@firsthead=\box32
\LT@foot=\box33
\LT@lastfoot=\box34
\LT@cols=\count146
\LT@rows=\count147
\c@LT@tables=\count148
\c@LT@chunks=\count149
\LT@p@ftn=\toks34
)
\glsdescwidth=\skip54
\glspagelistwidth=\skip55
)
("C:\Users\MLpLappi\AppData\Local\Programs\MiKTeX 2.9\tex/latex/glossaries/styl
es\glossary-super.sty"
Package: glossary-super 2019/01/06 v4.42 (NLCT)

("C:\Users\MLpLappi\AppData\Local\Programs\MiKTeX 2.9\tex/latex/supertabular\su
pertabular.sty"
Package: supertabular 2004/02/20 v4.1e the supertabular environment
\c@tracingst=\count150
\ST@wd=\dimen132
\ST@rightskip=\skip56
\ST@leftskip=\skip57
\ST@parfillskip=\skip58
\ST@pageleft=\dimen133
\ST@headht=\dimen134
\ST@tailht=\dimen135
\ST@pagesofar=\dimen136
\ST@pboxht=\dimen137
\ST@lineht=\dimen138
\ST@stretchht=\dimen139
\ST@prevht=\dimen140
\ST@toadd=\dimen141
\ST@dimen=\dimen142
\ST@pbox=\box35
))
("C:\Users\MLpLappi\AppData\Local\Programs\MiKTeX 2.9\tex/latex/glossaries/styl
es\glossary-tree.sty"
Package: glossary-tree 2019/01/06 v4.42 (NLCT)
\glstreeindent=\skip59
))
("C:\Users\MLpLappi\AppData\Local\Programs\MiKTeX 2.9\tex/latex/chngcntr\chngcn
tr.sty"
Package: chngcntr 2018/04/09 v1.1a change counter resetting
Package chngcntr Info: \counterwithout already defined.
(chngcntr)             Quitting chngcntr on input line 21.
)
("C:\Users\MLpLappi\AppData\Local\Programs\MiKTeX 2.9\tex/latex/tools\tabularx.
sty"
Package: tabularx 2016/02/03 v2.11b `tabularx' package (DPC)

("C:\Users\MLpLappi\AppData\Local\Programs\MiKTeX 2.9\tex/latex/tools\array.sty
"
Package: array 2018/12/30 v2.4k Tabular extension package (FMi)
\col@sep=\dimen143
\ar@mcellbox=\box36
\extrarowheight=\dimen144
\NC@list=\toks35
\extratabsurround=\skip60
\backup@length=\skip61
\ar@cellbox=\box37
)
\TX@col@width=\dimen145
\TX@old@table=\dimen146
\TX@old@col=\dimen147
\TX@target=\dimen148
\TX@delta=\dimen149
\TX@cols=\count151
\TX@ftn=\toks36
)
("C:\Users\MLpLappi\AppData\Local\Programs\MiKTeX 2.9\tex/latex/fancyhdr\fancyh
dr.sty"
Package: fancyhdr 2019/01/31 v3.10 Extensive control of page headers and footer
s
\f@nch@headwidth=\skip62
\f@nch@O@elh=\skip63
\f@nch@O@erh=\skip64
\f@nch@O@olh=\skip65
\f@nch@O@orh=\skip66
\f@nch@O@elf=\skip67
\f@nch@O@erf=\skip68
\f@nch@O@olf=\skip69
\f@nch@O@orf=\skip70
)
("C:\Users\MLpLappi\AppData\Local\Programs\MiKTeX 2.9\tex/latex/ulem\ulem.sty"
\UL@box=\box38
\UL@hyphenbox=\box39
\UL@skip=\skip71
\UL@hook=\toks37
\UL@height=\dimen150
\UL@pe=\count152
\UL@pixel=\dimen151
\ULC@box=\box40
Package: ulem 2012/05/18
\ULdepth=\dimen152
)
Package hyperref Info: Option `colorlinks' set `true' on input line 31.

("C:\Users\MLpLappi\AppData\Local\Programs\MiKTeX 2.9\tex/latex/listings\lstlan
g1.sty"
File: lstlang1.sty 2019/02/27 1.8b listings language file
)
("C:\Users\MLpLappi\AppData\Local\Programs\MiKTeX 2.9\tex/latex/listings\lstmis
c.sty"
File: lstmisc.sty 2019/02/27 1.8b (Carsten Heinz)
) (bericht.aux)
\openout1 = `bericht.aux'.

LaTeX Font Info:    Checking defaults for OML/cmm/m/it on input line 57.
LaTeX Font Info:    ... okay on input line 57.
LaTeX Font Info:    Checking defaults for T1/cmr/m/n on input line 57.
LaTeX Font Info:    ... okay on input line 57.
LaTeX Font Info:    Checking defaults for OT1/cmr/m/n on input line 57.
LaTeX Font Info:    ... okay on input line 57.
LaTeX Font Info:    Checking defaults for OMS/cmsy/m/n on input line 57.
LaTeX Font Info:    ... okay on input line 57.
LaTeX Font Info:    Checking defaults for OMX/cmex/m/n on input line 57.
LaTeX Font Info:    ... okay on input line 57.
LaTeX Font Info:    Checking defaults for U/cmr/m/n on input line 57.
LaTeX Font Info:    ... okay on input line 57.
LaTeX Font Info:    Checking defaults for PD1/pdf/m/n on input line 57.
LaTeX Font Info:    ... okay on input line 57.

*geometry* driver: auto-detecting
*geometry* detected driver: pdftex
*geometry* verbose mode - [ preamble ] result:
* driver: pdftex
* paper: a4paper
* layout: <same size as paper>
* layoutoffset:(h,v)=(0.0pt,0.0pt)
* modes: 
* h-part:(L,W,R)=(85.35826pt, 455.24411pt, 56.9055pt)
* v-part:(T,H,B)=(56.9055pt, 717.00946pt, 71.13188pt)
* \paperwidth=597.50787pt
* \paperheight=845.04684pt
* \textwidth=455.24411pt
* \textheight=717.00946pt
* \oddsidemargin=13.08827pt
* \evensidemargin=13.08827pt
* \topmargin=-52.36449pt
* \headheight=12.0pt
* \headsep=25.0pt
* \topskip=12.0pt
* \footskip=30.0pt
* \marginparwidth=44.0pt
* \marginparsep=10.0pt
* \columnsep=10.0pt
* \skip\footins=10.8pt plus 4.0pt minus 2.0pt
* \hoffset=0.0pt
* \voffset=0.0pt
* \mag=1000
* \@twocolumnfalse
* \@twosidefalse
* \@mparswitchfalse
* \@reversemarginfalse
* (1in=72.27pt=25.4mm, 1cm=28.453pt)

\AtBeginShipoutBox=\box41
Package hyperref Info: Link coloring ON on input line 57.

("C:\Users\MLpLappi\AppData\Local\Programs\MiKTeX 2.9\tex/latex/hyperref\namere
f.sty"
Package: nameref 2016/05/21 v2.44 Cross-referencing by name of section

("C:\Users\MLpLappi\AppData\Local\Programs\MiKTeX 2.9\tex/generic/oberdiek\gett
itlestring.sty"
Package: gettitlestring 2016/05/16 v1.5 Cleanup title references (HO)
)
\c@section@level=\count153
)
LaTeX Info: Redefining \ref on input line 57.
LaTeX Info: Redefining \pageref on input line 57.
LaTeX Info: Redefining \nameref on input line 57.
 (bericht.out) (bericht.out)
\@outlinefile=\write3
\openout3 = `bericht.out'.

\c@lstlisting=\count154

("C:\Users\MLpLappi\AppData\Local\Programs\MiKTeX 2.9\tex/context/base/mkii\sup
p-pdf.mkii"
[Loading MPS to PDF converter (version 2006.09.02).]
\scratchcounter=\count155
\scratchdimen=\dimen153
\scratchbox=\box42
\nofMPsegments=\count156
\nofMParguments=\count157
\everyMPshowfont=\toks38
\MPscratchCnt=\count158
\MPscratchDim=\dimen154
\MPnumerator=\count159
\makeMPintoPDFobject=\count160
\everyMPtoPDFconversion=\toks39
)
("C:\Users\MLpLappi\AppData\Local\Programs\MiKTeX 2.9\tex/latex/oberdiek\epstop
df-base.sty"
Package: epstopdf-base 2016/05/15 v2.6 Base part for package epstopdf

("C:\Users\MLpLappi\AppData\Local\Programs\MiKTeX 2.9\tex/latex/oberdiek\grfext
.sty"
Package: grfext 2016/05/16 v1.2 Manage graphics extensions (HO)
)
Package epstopdf-base Info: Redefining graphics rule for `.eps' on input line 4
38.
Package grfext Info: Graphics extension search list:
(grfext)             [.pdf,.png,.jpg,.mps,.jpeg,.jbig2,.jb2,.PDF,.PNG,.JPG,.JPE
G,.JBIG2,.JB2,.eps]
(grfext)             \AppendGraphicsExtensions on input line 456.
) [1

] (bericht.toc)
\tf@toc=\write4
\openout4 = `bericht.toc'.

pdfTeX warning (ext4): destination with the same identifier (name{page.1}) has 
been already used, duplicate ignored
<to be read again> 
                   \relax 
l.74 \newpage
             	 [1]
Underfull \hbox (badness 10000) in paragraph at lines 80--92

 []


Underfull \hbox (badness 10000) in paragraph at lines 80--92

 []


Underfull \hbox (badness 10000) in paragraph at lines 80--92

 []

[3]
Underfull \hbox (badness 10000) in paragraph at lines 98--100

 []

LaTeX Font Info:    Try loading font information for OMS+cmr on input line 101.

("C:\Users\MLpLappi\AppData\Local\Programs\MiKTeX 2.9\tex/latex/base\omscmr.fd"
File: omscmr.fd 2014/09/29 v2.5h Standard LaTeX font definitions
)
LaTeX Font Info:    Font shape `OMS/cmr/m/n' in size <12> not available
(Font)              Font shape `OMS/cmsy/m/n' tried instead on input line 101.

Underfull \hbox (badness 10000) in paragraph at lines 102--103

 []


Underfull \hbox (badness 10000) in paragraph at lines 108--110

 []


Underfull \hbox (badness 10000) in paragraph at lines 115--124

 []


Underfull \hbox (badness 10000) in paragraph at lines 115--124

 []


Underfull \hbox (badness 10000) in paragraph at lines 115--124

 []

[4]
Underfull \hbox (badness 10000) in paragraph at lines 127--128

 []


Underfull \hbox (badness 10000) in paragraph at lines 134--135

 []


Underfull \hbox (badness 10000) in paragraph at lines 137--138

 []


Underfull \hbox (badness 10000) in paragraph at lines 144--145

 []


Underfull \hbox (badness 10000) in paragraph at lines 164--173

 []


Underfull \hbox (badness 10000) in paragraph at lines 164--173

 []


Underfull \hbox (badness 10000) in paragraph at lines 164--173

 []

[5]
Underfull \hbox (badness 10000) in paragraph at lines 176--177

 []


Underfull \hbox (badness 10000) in paragraph at lines 182--183

 []


Underfull \hbox (badness 10000) in paragraph at lines 190--191

 []


Underfull \hbox (badness 10000) in paragraph at lines 201--210

 []


Underfull \hbox (badness 10000) in paragraph at lines 201--210

 []


Underfull \hbox (badness 10000) in paragraph at lines 201--210

 []

[6]
Underfull \hbox (badness 10000) in paragraph at lines 213--214

 []


Underfull \hbox (badness 10000) in paragraph at lines 227--236

 []


Underfull \hbox (badness 10000) in paragraph at lines 227--236

 []


Underfull \hbox (badness 10000) in paragraph at lines 227--236

 []

[7]
Underfull \hbox (badness 10000) in paragraph at lines 239--240

 []


Underfull \hbox (badness 10000) in paragraph at lines 253--262

 []


Underfull \hbox (badness 10000) in paragraph at lines 253--262

 []


Underfull \hbox (badness 10000) in paragraph at lines 253--262

 []

[8]
Underfull \hbox (badness 10000) in paragraph at lines 268--269

 []


Underfull \hbox (badness 10000) in paragraph at lines 282--291

 []


Underfull \hbox (badness 10000) in paragraph at lines 282--291

 []


Underfull \hbox (badness 10000) in paragraph at lines 282--291

 []

[9]
Underfull \hbox (badness 10000) in paragraph at lines 295--296

 []


Underfull \hbox (badness 10000) in paragraph at lines 303--312

 []


Underfull \hbox (badness 10000) in paragraph at lines 303--312

 []


Underfull \hbox (badness 10000) in paragraph at lines 303--312

 []

[10]
Underfull \hbox (badness 10000) in paragraph at lines 318--319

 []


Underfull \hbox (badness 10000) in paragraph at lines 332--333

 []


Underfull \hbox (badness 10000) in paragraph at lines 336--345

 []


Underfull \hbox (badness 10000) in paragraph at lines 336--345

 []


Underfull \hbox (badness 10000) in paragraph at lines 336--345

 []

[11]
Underfull \hbox (badness 10000) in paragraph at lines 350--351

 []


Underfull \hbox (badness 10000) in paragraph at lines 359--360

 []


Underfull \hbox (badness 10000) in paragraph at lines 368--377

 []


Underfull \hbox (badness 10000) in paragraph at lines 368--377

 []


Underfull \hbox (badness 10000) in paragraph at lines 368--377

 []

[12]
Underfull \hbox (badness 10000) in paragraph at lines 381--382

 []


Underfull \hbox (badness 10000) in paragraph at lines 397--406

 []


Underfull \hbox (badness 10000) in paragraph at lines 397--406

 []


Underfull \hbox (badness 10000) in paragraph at lines 397--406

 []

[13]
Underfull \hbox (badness 10000) in paragraph at lines 409--410

 []


Underfull \hbox (badness 10000) in paragraph at lines 428--437

 []


Underfull \hbox (badness 10000) in paragraph at lines 428--437

 []


Underfull \hbox (badness 10000) in paragraph at lines 428--437

 []

[14]

! LaTeX Error: Can be used only in preamble.

See the LaTeX manual or LaTeX Companion for explanation.
Type  H <return>  for immediate help.
 ...                                              
                                                  
l.442 \documentclass
                    [12pt]{article}
Your command was ignored.
Type  I <command> <return>  to replace it with another command,
or  <return>  to continue without it.


! LaTeX Error: Can be used only in preamble.

See the LaTeX manual or LaTeX Companion for explanation.
Type  H <return>  for immediate help.
 ...                                              
                                                  
l.443 \usepackage
                 {geometry}
Your command was ignored.
Type  I <command> <return>  to replace it with another command,
or  <return>  to continue without it.


! LaTeX Error: Can be used only in preamble.

See the LaTeX manual or LaTeX Companion for explanation.
Type  H <return>  for immediate help.
 ...                                              
                                                  
l.444 \geometry
               {
Your command was ignored.
Type  I <command> <return>  to replace it with another command,
or  <return>  to continue without it.


! LaTeX Error: Can be used only in preamble.

See the LaTeX manual or LaTeX Companion for explanation.
Type  H <return>  for immediate help.
 ...                                              
                                                  
l.449 \usepackage
                 [utf8]{inputenc}
Your command was ignored.
Type  I <command> <return>  to replace it with another command,
or  <return>  to continue without it.


! LaTeX Error: Can be used only in preamble.

See the LaTeX manual or LaTeX Companion for explanation.
Type  H <return>  for immediate help.
 ...                                              
                                                  
l.450 \usepackage
                 [german]{babel}
Your command was ignored.
Type  I <command> <return>  to replace it with another command,
or  <return>  to continue without it.


! LaTeX Error: Can be used only in preamble.

See the LaTeX manual or LaTeX Companion for explanation.
Type  H <return>  for immediate help.
 ...                                              
                                                  
l.451 \usepackage
                 [T1]{fontenc}
Your command was ignored.
Type  I <command> <return>  to replace it with another command,
or  <return>  to continue without it.


! LaTeX Error: Can be used only in preamble.

See the LaTeX manual or LaTeX Companion for explanation.
Type  H <return>  for immediate help.
 ...                                              
                                                  
l.452 \usepackage
                 {hyperref}
Your command was ignored.
Type  I <command> <return>  to replace it with another command,
or  <return>  to continue without it.


! LaTeX Error: Can be used only in preamble.

See the LaTeX manual or LaTeX Companion for explanation.
Type  H <return>  for immediate help.
 ...                                              
                                                  
l.453 \usepackage
                 {listings}
Your command was ignored.
Type  I <command> <return>  to replace it with another command,
or  <return>  to continue without it.


! LaTeX Error: Can be used only in preamble.

See the LaTeX manual or LaTeX Companion for explanation.
Type  H <return>  for immediate help.
 ...                                              
                                                  
l.454 \usepackage
                 {graphicx}
Your command was ignored.
Type  I <command> <return>  to replace it with another command,
or  <return>  to continue without it.


! LaTeX Error: Can be used only in preamble.

See the LaTeX manual or LaTeX Companion for explanation.
Type  H <return>  for immediate help.
 ...                                              
                                                  
l.455 \usepackage
                 {color}
Your command was ignored.
Type  I <command> <return>  to replace it with another command,
or  <return>  to continue without it.


! LaTeX Error: Can be used only in preamble.

See the LaTeX manual or LaTeX Companion for explanation.
Type  H <return>  for immediate help.
 ...                                              
                                                  
l.456 \usepackage
                 [toc]{glossaries}
Your command was ignored.
Type  I <command> <return>  to replace it with another command,
or  <return>  to continue without it.


! LaTeX Error: Can be used only in preamble.

See the LaTeX manual or LaTeX Companion for explanation.
Type  H <return>  for immediate help.
 ...                                              
                                                  
l.457 \usepackage
                 {chngcntr} %change counter
Your command was ignored.
Type  I <command> <return>  to replace it with another command,
or  <return>  to continue without it.


! LaTeX Error: Can be used only in preamble.

See the LaTeX manual or LaTeX Companion for explanation.
Type  H <return>  for immediate help.
 ...                                              
                                                  
l.458 \usepackage
                 {tabularx}
Your command was ignored.
Type  I <command> <return>  to replace it with another command,
or  <return>  to continue without it.


! LaTeX Error: Can be used only in preamble.

See the LaTeX manual or LaTeX Companion for explanation.
Type  H <return>  for immediate help.
 ...                                              
                                                  
l.459 \usepackage
                 {fancyhdr}
Your command was ignored.
Type  I <command> <return>  to replace it with another command,
or  <return>  to continue without it.


! LaTeX Error: Can be used only in preamble.

See the LaTeX manual or LaTeX Companion for explanation.
Type  H <return>  for immediate help.
 ...                                              
                                                  
l.460 \usepackage
                 {ulem}
Your command was ignored.
Type  I <command> <return>  to replace it with another command,
or  <return>  to continue without it.

Package color Info: Redefining color commentgreen on input line 463.
Package color Info: Redefining color keywordblue on input line 464.
Package color Info: Redefining color orange on input line 465.
Package color Info: Redefining color internal_link on input line 466.

Package hyperref Warning: Option `colorlinks' has already been used,
(hyperref)                setting the option has no effect on input line 471.

! Argument of \language@active@arg" has an extra }.
<inserted text> 
                \par 
l.492 ...nteraktives TicTacToe-Spiel für Kinder"}
                                                  
I've run across a `}' that doesn't seem to match anything.
For example, `\def\a#1{...}' and `\a}' would produce
this error. If you simply proceed now, the `\par' that
I've just inserted will cause me to report a runaway
argument that might be the root of the problem. But if
your `}' was spurious, just type `2' and it will go away.

Runaway argument?
! Paragraph ended before \language@active@arg" was complete.
<to be read again> 
                   \par 
l.492 ...nteraktives TicTacToe-Spiel für Kinder"}
                                                  
I suspect you've forgotten a `}', causing me to apply this
control sequence to too much text. How can we recover?
My plan is to forget the whole thing and hope for the best.


! LaTeX Error: Can be used only in preamble.

See the LaTeX manual or LaTeX Companion for explanation.
Type  H <return>  for immediate help.
 ...                                              
                                                  
l.497 \begin{document}
                      
Your command was ignored.
Type  I <command> <return>  to replace it with another command,
or  <return>  to continue without it.

[15

]pdfTeX warning (ext4): destination with the same identifier (name{page.1}) has
 been already used, duplicate ignored
<to be read again> 
                   \relax 
l.511 \end{titlepage}
                      [1] (bericht.toc)
\tf@toc=\write5
\openout5 = `bericht.toc'.

pdfTeX warning (ext4): destination with the same identifier (name{page.1}) has 
been already used, duplicate ignored
<to be read again> 
                   \relax 
l.514 \newpage
              	 [1]
Underfull \hbox (badness 10000) in paragraph at lines 520--532

 []


Underfull \hbox (badness 10000) in paragraph at lines 520--532

 []


Underfull \hbox (badness 10000) in paragraph at lines 520--532

 []

pdfTeX warning (ext4): destination with the same identifier (name{page.3}) has 
been already used, duplicate ignored
<to be read again> 
                   \relax 
l.533 \newpage
               [3]
Underfull \hbox (badness 10000) in paragraph at lines 538--540

 []


Underfull \hbox (badness 10000) in paragraph at lines 542--543

 []


Underfull \hbox (badness 10000) in paragraph at lines 548--550

 []


Underfull \hbox (badness 10000) in paragraph at lines 555--564

 []


Underfull \hbox (badness 10000) in paragraph at lines 555--564

 []


Underfull \hbox (badness 10000) in paragraph at lines 555--564

 []

pdfTeX warning (ext4): destination with the same identifier (name{page.4}) has 
been already used, duplicate ignored
<to be read again> 
                   \relax 
l.564 \newpage
               [4]
Underfull \hbox (badness 10000) in paragraph at lines 567--568

 []


Underfull \hbox (badness 10000) in paragraph at lines 574--575

 []


Underfull \hbox (badness 10000) in paragraph at lines 577--578

 []


Underfull \hbox (badness 10000) in paragraph at lines 584--585

 []


Underfull \hbox (badness 10000) in paragraph at lines 604--613

 []


Underfull \hbox (badness 10000) in paragraph at lines 604--613

 []


Underfull \hbox (badness 10000) in paragraph at lines 604--613

 []

pdfTeX warning (ext4): destination with the same identifier (name{page.5}) has 
been already used, duplicate ignored
<to be read again> 
                   \relax 
l.613 \newpage
               [5]
Underfull \hbox (badness 10000) in paragraph at lines 616--617

 []


Underfull \hbox (badness 10000) in paragraph at lines 622--623

 []


Underfull \hbox (badness 10000) in paragraph at lines 630--631

 []


Underfull \hbox (badness 10000) in paragraph at lines 641--650

 []


Underfull \hbox (badness 10000) in paragraph at lines 641--650

 []


Underfull \hbox (badness 10000) in paragraph at lines 641--650

 []

pdfTeX warning (ext4): destination with the same identifier (name{page.6}) has 
been already used, duplicate ignored
<to be read again> 
                   \relax 
l.650 \newpage
               [6]
Underfull \hbox (badness 10000) in paragraph at lines 653--654

 []


Underfull \hbox (badness 10000) in paragraph at lines 667--676

 []


Underfull \hbox (badness 10000) in paragraph at lines 667--676

 []


Underfull \hbox (badness 10000) in paragraph at lines 667--676

 []

pdfTeX warning (ext4): destination with the same identifier (name{page.7}) has 
been already used, duplicate ignored
<to be read again> 
                   \relax 
l.677 \newpage
               [7]
Underfull \hbox (badness 10000) in paragraph at lines 679--680

 []


Underfull \hbox (badness 10000) in paragraph at lines 693--702

 []


Underfull \hbox (badness 10000) in paragraph at lines 693--702

 []


Underfull \hbox (badness 10000) in paragraph at lines 693--702

 []

pdfTeX warning (ext4): destination with the same identifier (name{page.8}) has 
been already used, duplicate ignored
<to be read again> 
                   \relax 
l.703 \newpage
               [8]
Underfull \hbox (badness 10000) in paragraph at lines 708--709

 []


Underfull \hbox (badness 10000) in paragraph at lines 722--731

 []


Underfull \hbox (badness 10000) in paragraph at lines 722--731

 []


Underfull \hbox (badness 10000) in paragraph at lines 722--731

 []

pdfTeX warning (ext4): destination with the same identifier (name{page.9}) has 
been already used, duplicate ignored
<to be read again> 
                   \relax 
l.731 \newpage
               [9]
Underfull \hbox (badness 10000) in paragraph at lines 735--736

 []


Underfull \hbox (badness 10000) in paragraph at lines 743--752

 []


Underfull \hbox (badness 10000) in paragraph at lines 743--752

 []


Underfull \hbox (badness 10000) in paragraph at lines 743--752

 []

pdfTeX warning (ext4): destination with the same identifier (name{page.10}) has
 been already used, duplicate ignored
<to be read again> 
                   \relax 
l.753 \newpage
               [10]
Underfull \hbox (badness 10000) in paragraph at lines 758--759

 []


Underfull \hbox (badness 10000) in paragraph at lines 772--773

 []


Underfull \hbox (badness 10000) in paragraph at lines 776--785

 []


Underfull \hbox (badness 10000) in paragraph at lines 776--785

 []


Underfull \hbox (badness 10000) in paragraph at lines 776--785

 []

pdfTeX warning (ext4): destination with the same identifier (name{page.11}) has
 been already used, duplicate ignored
<to be read again> 
                   \relax 
l.786 \newpage
               [11]
Underfull \hbox (badness 10000) in paragraph at lines 790--791

 []


Underfull \hbox (badness 10000) in paragraph at lines 799--800

 []


Underfull \hbox (badness 10000) in paragraph at lines 808--817

 []


Underfull \hbox (badness 10000) in paragraph at lines 808--817

 []


Underfull \hbox (badness 10000) in paragraph at lines 808--817

 []

pdfTeX warning (ext4): destination with the same identifier (name{page.12}) has
 been already used, duplicate ignored
<to be read again> 
                   \relax 
l.819 \newpage
               [12]
Underfull \hbox (badness 10000) in paragraph at lines 821--822

 []


Underfull \hbox (badness 10000) in paragraph at lines 837--846

 []


Underfull \hbox (badness 10000) in paragraph at lines 837--846

 []


Underfull \hbox (badness 10000) in paragraph at lines 837--846

 []

pdfTeX warning (ext4): destination with the same identifier (name{page.13}) has
 been already used, duplicate ignored
<to be read again> 
                   \relax 
l.847 \newpage
               [13]
Underfull \hbox (badness 10000) in paragraph at lines 849--850

 []


Underfull \hbox (badness 10000) in paragraph at lines 868--877

 []


Underfull \hbox (badness 10000) in paragraph at lines 868--877

 []


Underfull \hbox (badness 10000) in paragraph at lines 868--877

 []

pdfTeX warning (ext4): destination with the same identifier (name{page.14}) has
 been already used, duplicate ignored
<to be read again> 
                   \relax 
l.878 \newpage
               [14]
Underfull \hbox (badness 10000) in paragraph at lines 880--881

 []


Underfull \hbox (badness 10000) in paragraph at lines 896--905

 []


Underfull \hbox (badness 10000) in paragraph at lines 896--905

 []


Underfull \hbox (badness 10000) in paragraph at lines 896--905

 []

pdfTeX warning (ext4): destination with the same identifier (name{page.15}) has
 been already used, duplicate ignored
<to be read again> 
                   \relax 
l.906 \newpage
               [15]
Underfull \hbox (badness 10000) in paragraph at lines 908--909

 []


Underfull \hbox (badness 10000) in paragraph at lines 922--931

 []


Underfull \hbox (badness 10000) in paragraph at lines 922--931

 []


Underfull \hbox (badness 10000) in paragraph at lines 922--931

 []

[16]
Underfull \hbox (badness 10000) in paragraph at lines 935--936

 []


Underfull \hbox (badness 10000) in paragraph at lines 948--957

 []


Underfull \hbox (badness 10000) in paragraph at lines 948--957

 []


Underfull \hbox (badness 10000) in paragraph at lines 948--957

 []

[17]

! LaTeX Error: Something's wrong--perhaps a missing \item.

See the LaTeX manual or LaTeX Companion for explanation.
Type  H <return>  for immediate help.
 ...                                              
                                                  
l.970 \end{itemize}
                   
Try typing  <return>  to proceed.
If that doesn't work, type  X <return>  to quit.


Underfull \hbox (badness 10000) in paragraph at lines 972--981

 []


Underfull \hbox (badness 10000) in paragraph at lines 972--981

 []


Underfull \hbox (badness 10000) in paragraph at lines 972--981

 []

[18]
Package atveryend Info: Empty hook `BeforeClearDocument' on input line 985.
Package atveryend Info: Empty hook `AfterLastShipout' on input line 985.
 (bericht.aux)
Package atveryend Info: Executing hook `AtVeryEndDocument' on input line 985.
Package atveryend Info: Executing hook `AtEndAfterFileList' on input line 985.
Package rerunfilecheck Info: File `bericht.out' has not changed.
(rerunfilecheck)             Checksum: 8EEED9E703ACE40245702B9CDF2D8C1C;2312.
Package atveryend Info: Empty hook `AtVeryVeryEnd' on input line 985.
 )
(\end occurred inside a group at level 1)

### semi simple group (level 1) entered at line 497 (\begingroup)
### bottom level 
Here is how much of TeX's memory you used:
 14684 strings out of 492897
 241154 string characters out of 3122353
 580435 words of memory out of 3000000
 18302 multiletter control sequences out of 15000+200000
 16050 words of font info for 42 fonts, out of 3000000 for 9000
 1141 hyphenation exceptions out of 8191
 45i,9n,72p,2012b,394s stack positions out of 5000i,500n,10000p,200000b,50000s
 <C:\Users\MLpLappi\AppData\Local\MiKTeX\2.9\fonts/pk/ljfour/jk
nappen/ec/dpi600\ecbx1440.pk> <C:\Users\MLpLappi\AppData\Local\MiKTeX\2.9\fonts
/pk/ljfour/jknappen/ec/dpi600\ecrm1200.pk> <C:\Users\MLpLappi\AppData\Local\MiK
TeX\2.9\fonts/pk/ljfour/jknappen/ec/dpi600\ecbx1200.pk> <C:\Users\MLpLappi\AppD
ata\Local\MiKTeX\2.9\fonts/pk/ljfour/jknappen/ec/dpi600\ecbx1728.pk> <C:\Users\
MLpLappi\AppData\Local\MiKTeX\2.9\fonts/pk/ljfour/jknappen/ec/dpi600\ecrm1440.p
k> <C:\Users\MLpLappi\AppData\Local\MiKTeX\2.9\fonts/pk/ljfour/jknappen/ec/dpi6
00\ecbx2074.pk> <C:\Users\MLpLappi\AppData\Local\MiKTeX\2.9\fonts/pk/ljfour/jkn
appen/ec/dpi600\eccc2074.pk><C:/Users/MLpLappi/AppData/Local/Programs/MiKTeX 2.
9/fonts/type1/public/amsfonts/cm/cmr12.pfb><C:/Users/MLpLappi/AppData/Local/Pro
grams/MiKTeX 2.9/fonts/type1/public/amsfonts/cm/cmsy10.pfb>
Output written on bericht.pdf (34 pages, 174394 bytes).
PDF statistics:
 583 PDF objects out of 1000 (max. 8388607)
 50 named destinations out of 1000 (max. 500000)
 241 words of extra memory for PDF output out of 10000 (max. 10000000)

