\BOOKMARK [1][-]{section.1}{Zielbestimmung}{}% 1
\BOOKMARK [2][-]{subsection.1.1}{Muss-Kriterien}{section.1}% 2
\BOOKMARK [2][-]{subsection.1.2}{Kann-Kriterien}{section.1}% 3
\BOOKMARK [2][-]{subsection.1.3}{Abgrenzungskriterien}{section.1}% 4
\BOOKMARK [1][-]{section.2}{Produkteinsatz}{}% 5
\BOOKMARK [2][-]{subsection.2.1}{Anwendungsbereich}{section.2}% 6
\BOOKMARK [2][-]{subsection.2.2}{Zielgruppen}{section.2}% 7
\BOOKMARK [2][-]{subsection.2.3}{Produktumgebung}{section.2}% 8
\BOOKMARK [3][-]{subsubsection.2.3.1}{Architektur}{subsection.2.3}% 9
\BOOKMARK [2][-]{subsection.2.4}{Betriebsbedingungen}{section.2}% 10
\BOOKMARK [1][-]{section.3}{Produktfunktionen/Anforderung}{}% 11
\BOOKMARK [2][-]{subsection.3.1}{Funktionale Anforderungen}{section.3}% 12
\BOOKMARK [3][-]{subsubsection.3.1.1}{Beschreibung der Funktionalen Anforderungen mit Rollen innerhalb der Gesch\344ftsprozesse}{subsection.3.1}% 13
\BOOKMARK [3][-]{subsubsection.3.1.2}{Aktivit\344ten mit Benutzerschnittstelle \(UI\)}{subsection.3.1}% 14
\BOOKMARK [3][-]{subsubsection.3.1.3}{Fachliches Klassendiagramm \(domain model\) / Produktdaten}{subsection.3.1}% 15
\BOOKMARK [2][-]{subsection.3.2}{Nichtfunktionale Anforderungen}{section.3}% 16
\BOOKMARK [1][-]{section.4}{Testung}{}% 17
\BOOKMARK [1][-]{section.5}{Monitoring/Support bei der \334bergabe oder \344hnliche Leistungen}{}% 18
\BOOKMARK [1][-]{section.6}{Dokumentation}{}% 19
\BOOKMARK [2][-]{subsection.6.1}{Anwenderdokumentation}{section.6}% 20
\BOOKMARK [2][-]{subsection.6.2}{Administratorendokumentation}{section.6}% 21
\BOOKMARK [2][-]{subsection.6.3}{Entwicklerdokumentation}{section.6}% 22
\BOOKMARK [2][-]{subsection.6.4}{Weitere referenzierte Dokumente}{section.6}% 23
\BOOKMARK [1][-]{section.7}{Vorgehen}{}% 24
\BOOKMARK [1][-]{section.8}{Entwicklungsumgebung}{}% 25
\BOOKMARK [1][-]{section*.2}{Glossar}{}% 26
